{
  "RSpec": {
    "coverage": {
      "/Users/franktheo/fpp_projects/semantics3_api/spec/controllers/products_controller_spec.rb": [
        1,
        null,
        1,
        null,
        1,
        1,
        1,
        1,
        null,
        null,
        null,
        null,
        1,
        1,
        1,
        1,
        null,
        null,
        null,
        1,
        1,
        1,
        1,
        null,
        null,
        null,
        null
      ],
      "/Users/franktheo/fpp_projects/semantics3_api/spec/rails_helper.rb": [
        null,
        1,
        1,
        null,
        1,
        1,
        1,
        null,
        null,
        null,
        null,
        null,
        null,
        null,
        null,
        null,
        null,
        null,
        null,
        null,
        null,
        null,
        null,
        null,
        null,
        null,
        1,
        null,
        1,
        null,
        1,
        null,
        null,
        null,
        null,
        1,
        null,
        null,
        null,
        null,
        null,
        null,
        null,
        null,
        null,
        null,
        null,
        null,
        null,
        null,
        1,
        null,
        null,
        1,
        null,
        null,
        null
      ],
      "/Users/franktheo/fpp_projects/semantics3_api/config/environment.rb": [
        null,
        1,
        null,
        null,
        1
      ],
      "/Users/franktheo/fpp_projects/semantics3_api/config/application.rb": [
        1,
        null,
        1,
        null,
        null,
        null,
        1,
        null,
        1,
        1,
        null,
        null,
        null,
        null,
        null
      ],
      "/Users/franktheo/fpp_projects/semantics3_api/config/boot.rb": [
        1,
        null,
        1
      ],
      "/Users/franktheo/fpp_projects/semantics3_api/config/environments/test.rb": [
        1,
        null,
        null,
        null,
        null,
        null,
        null,
        null,
        1,
        1,
        null,
        1,
        null,
        null,
        null,
        null,
        1,
        null,
        null,
        1,
        1,
        null,
        null,
        null,
        null,
        1,
        1,
        1,
        null,
        null,
        1,
        null,
        null,
        1,
        1,
        null,
        null,
        null,
        null,
        1,
        null,
        null,
        1,
        null,
        null,
        null,
        null
      ],
      "/Users/franktheo/fpp_projects/semantics3_api/config/initializers/active_record_belongs_to_required_by_default.rb": [
        null,
        null,
        null,
        null,
        null,
        1
      ],
      "/Users/franktheo/fpp_projects/semantics3_api/config/initializers/application_controller_renderer.rb": [
        null,
        null,
        null,
        null,
        null,
        null
      ],
      "/Users/franktheo/fpp_projects/semantics3_api/config/initializers/assets.rb": [
        null,
        null,
        null,
        1,
        null,
        null,
        null,
        null,
        null,
        null,
        null
      ],
      "/Users/franktheo/fpp_projects/semantics3_api/config/initializers/backtrace_silencers.rb": [
        null,
        null,
        null,
        null,
        null,
        null,
        null
      ],
      "/Users/franktheo/fpp_projects/semantics3_api/config/initializers/callback_terminator.rb": [
        null,
        null,
        null,
        null,
        null,
        1
      ],
      "/Users/franktheo/fpp_projects/semantics3_api/config/initializers/cookies_serializer.rb": [
        null,
        null,
        null,
        null,
        1
      ],
      "/Users/franktheo/fpp_projects/semantics3_api/config/initializers/filter_parameter_logging.rb": [
        null,
        null,
        null,
        1
      ],
      "/Users/franktheo/fpp_projects/semantics3_api/config/initializers/inflections.rb": [
        null,
        null,
        null,
        null,
        null,
        null,
        null,
        null,
        null,
        null,
        null,
        null,
        null,
        null,
        null,
        null
      ],
      "/Users/franktheo/fpp_projects/semantics3_api/config/initializers/kaminari_config.rb": [
        1,
        1,
        1,
        null,
        null,
        null,
        null,
        null,
        null,
        null
      ],
      "/Users/franktheo/fpp_projects/semantics3_api/config/initializers/mime_types.rb": [
        null,
        null,
        null,
        null
      ],
      "/Users/franktheo/fpp_projects/semantics3_api/config/initializers/per_form_csrf_tokens.rb": [
        null,
        null,
        null,
        1
      ],
      "/Users/franktheo/fpp_projects/semantics3_api/config/initializers/request_forgery_protection.rb": [
        null,
        null,
        null,
        1
      ],
      "/Users/franktheo/fpp_projects/semantics3_api/config/initializers/session_store.rb": [
        null,
        null,
        1
      ],
      "/Users/franktheo/fpp_projects/semantics3_api/config/initializers/ssl_options.rb": [
        null,
        null,
        null,
        1
      ],
      "/Users/franktheo/fpp_projects/semantics3_api/config/initializers/to_time_preserves_timezone.rb": [
        null,
        null,
        null,
        null,
        null,
        null,
        null,
        null,
        null,
        1
      ],
      "/Users/franktheo/fpp_projects/semantics3_api/config/initializers/wrap_parameters.rb": [
        null,
        null,
        null,
        null,
        null,
        null,
        1,
        2,
        null,
        null,
        null,
        null,
        null,
        null
      ],
      "/Users/franktheo/fpp_projects/semantics3_api/config/routes.rb": [
        1,
        null,
        1,
        1,
        1,
        1,
        null
      ],
      "/Users/franktheo/fpp_projects/semantics3_api/app/helpers/application_helper.rb": [
        1,
        null
      ],
      "/Users/franktheo/fpp_projects/semantics3_api/app/helpers/products_helper.rb": [
        1,
        null
      ],
      "/Users/franktheo/fpp_projects/semantics3_api/app/controllers/products_controller.rb": [
        1,
        null,
        1,
        1,
        null,
        null,
        1,
        null,
        null,
        1,
        null,
        2,
        null,
        2,
        1,
        10,
        0,
        0,
        null,
        null,
        1,
        null,
        1,
        1,
        null,
        2,
        null,
        null,
        null,
        1,
        0,
        0,
        null,
        null,
        1,
        null,
        1,
        2,
        2,
        2,
        2,
        2,
        0,
        null,
        2,
        null,
        null,
        null,
        1,
        10,
        0,
        null,
        null,
        1,
        0,
        0,
        null,
        null,
        null
      ],
      "/Users/franktheo/fpp_projects/semantics3_api/app/controllers/application_controller.rb": [
        1,
        null,
        null,
        1,
        null
      ],
      "/Users/franktheo/fpp_projects/semantics3_api/spec/features/products_spec.rb": [
        1,
        null,
        1,
        null,
        1,
        null,
        1,
        1,
        1,
        1,
        null,
        null,
        null,
        null
      ],
      "/Users/franktheo/fpp_projects/semantics3_api/app/models/product.rb": [
        1,
        null,
        null
      ],
      "/Users/franktheo/fpp_projects/semantics3_api/app/models/application_record.rb": [
        1,
        1,
        null
      ]
    },
    "timestamp": 1472334656
  }
}
